Flow report for greatest
Wed Sep 09 19:14:21 2020
Quartus Prime Version 17.1.0 Build 590 10/25/2017 SJ Lite Edition


---------------------
; Table of Contents ;
---------------------
  1. Legal Notice
  2. Flow Summary
  3. Flow Settings
  4. Flow Non-Default Global Settings
  5. Flow Elapsed Time
  6. Flow OS Summary
  7. Flow Log
  8. Flow Messages
  9. Flow Suppressed Messages



----------------
; Legal Notice ;
----------------
Copyright (C) 2017  Intel Corporation. All rights reserved.
Your use of Intel Corporation's design tools, logic functions 
and other software and tools, and its AMPP partner logic 
functions, and any output files from any of the foregoing 
(including device programming or simulation files), and any 
associated documentation or information are expressly subject 
to the terms and conditions of the Intel Program License 
Subscription Agreement, the Intel Quartus Prime License Agreement,
the Intel FPGA IP License Agreement, or other applicable license
agreement, including, without limitation, that your use is for
the sole purpose of programming logic devices manufactured by
Intel and sold by Intel or its authorized distributors.  Please
refer to the applicable agreement for further details.



+----------------------------------------------------------------------------------+
; Flow Summary                                                                     ;
+------------------------------------+---------------------------------------------+
; Flow Status                        ; Successful - Wed Sep 09 19:14:14 2020       ;
; Quartus Prime Version              ; 17.1.0 Build 590 10/25/2017 SJ Lite Edition ;
; Revision Name                      ; greatest                                    ;
; Top-level Entity Name              ; greatest                                    ;
; Family                             ; Cyclone IV E                                ;
; Device                             ; EP4CE115F29C7                               ;
; Timing Models                      ; Final                                       ;
; Total logic elements               ; 2,597 / 114,480 ( 2 % )                     ;
;     Total combinational functions  ; 1,738 / 114,480 ( 2 % )                     ;
;     Dedicated logic registers      ; 1,952 / 114,480 ( 2 % )                     ;
; Total registers                    ; 1952                                        ;
; Total pins                         ; 136 / 529 ( 26 % )                          ;
; Total virtual pins                 ; 0                                           ;
; Total memory bits                  ; 831,520 / 3,981,312 ( 21 % )                ;
; Embedded Multiplier 9-bit elements ; 0 / 532 ( 0 % )                             ;
; Total PLLs                         ; 1 / 4 ( 25 % )                              ;
+------------------------------------+---------------------------------------------+


+-----------------------------------------+
; Flow Settings                           ;
+-------------------+---------------------+
; Option            ; Setting             ;
+-------------------+---------------------+
; Start date & time ; 09/09/2020 19:12:42 ;
; Main task         ; Compilation         ;
; Revision Name     ; greatest            ;
+-------------------+---------------------+


+--------------------------------------------------------------------------------------------------------------------------------------------------------------------------------------------------------------------------------------------------------------------------------------------+
; Flow Non-Default Global Settings                                                                                                                                                                                                                                                           ;
+-------------------------------------+----------------------------------------------------------------------------------------------------------------------------------------------------------------------------------------------------+---------------+--------------+------------------+
; Assignment Name                     ; Value                                                                                                                                                                                              ; Default Value ; Entity Name  ; Section Id       ;
+-------------------------------------+----------------------------------------------------------------------------------------------------------------------------------------------------------------------------------------------------+---------------+--------------+------------------+
; COMPILER_SIGNATURE_ID               ; 2545098776195.159964996113032                                                                                                                                                                      ; --            ; --           ; --               ;
; ENABLE_SIGNALTAP                    ; On                                                                                                                                                                                                 ; --            ; --           ; --               ;
; MAX_CORE_JUNCTION_TEMP              ; 85                                                                                                                                                                                                 ; --            ; --           ; --               ;
; MIN_CORE_JUNCTION_TEMP              ; 0                                                                                                                                                                                                  ; --            ; --           ; --               ;
; MISC_FILE                           ; fifo_1024_16_camera_bb.v                                                                                                                                                                           ; --            ; --           ; --               ;
; MISC_FILE                           ; pll_for_camera_bb.v                                                                                                                                                                                ; --            ; --           ; --               ;
; MISC_FILE                           ; pll_for_camera.ppf                                                                                                                                                                                 ; --            ; --           ; --               ;
; MISC_FILE                           ; pll_for_sdram_controller_bb.v                                                                                                                                                                      ; --            ; --           ; --               ;
; MISC_FILE                           ; pll_for_sdram_controller.ppf                                                                                                                                                                       ; --            ; --           ; --               ;
; MISC_FILE                           ; fifo_big_bb.v                                                                                                                                                                                      ; --            ; --           ; --               ;
; MISC_FILE                           ; camera_data_bb.v                                                                                                                                                                                   ; --            ; --           ; --               ;
; OUTPUT_IO_TIMING_FAR_END_VMEAS      ; Half Signal Swing                                                                                                                                                                                  ; --            ; --           ; --               ;
; OUTPUT_IO_TIMING_FAR_END_VMEAS      ; Half Signal Swing                                                                                                                                                                                  ; --            ; --           ; --               ;
; OUTPUT_IO_TIMING_NEAR_END_VMEAS     ; Half Vccio                                                                                                                                                                                         ; --            ; --           ; --               ;
; OUTPUT_IO_TIMING_NEAR_END_VMEAS     ; Half Vccio                                                                                                                                                                                         ; --            ; --           ; --               ;
; PARTITION_COLOR                     ; -- (Not supported for targeted family)                                                                                                                                                             ; --            ; cam_proj_top ; Top              ;
; PARTITION_COLOR                     ; -- (Not supported for targeted family)                                                                                                                                                             ; --            ; --           ; Top              ;
; PARTITION_FITTER_PRESERVATION_LEVEL ; -- (Not supported for targeted family)                                                                                                                                                             ; --            ; cam_proj_top ; Top              ;
; PARTITION_FITTER_PRESERVATION_LEVEL ; -- (Not supported for targeted family)                                                                                                                                                             ; --            ; --           ; Top              ;
; PARTITION_NETLIST_TYPE              ; -- (Not supported for targeted family)                                                                                                                                                             ; --            ; cam_proj_top ; Top              ;
; PARTITION_NETLIST_TYPE              ; -- (Not supported for targeted family)                                                                                                                                                             ; --            ; --           ; Top              ;
; POWER_BOARD_THERMAL_MODEL           ; None (CONSERVATIVE)                                                                                                                                                                                ; --            ; --           ; --               ;
; POWER_PRESET_COOLING_SOLUTION       ; 23 MM HEAT SINK WITH 200 LFPM AIRFLOW                                                                                                                                                              ; --            ; --           ; --               ;
; PROJECT_OUTPUT_DIRECTORY            ; output_files                                                                                                                                                                                       ; --            ; --           ; --               ;
; SLD_FILE                            ; db/stp2_auto_stripped.stp                                                                                                                                                                          ; --            ; --           ; --               ;
; SLD_NODE_CREATOR_ID                 ; 110                                                                                                                                                                                                ; --            ; --           ; auto_signaltap_0 ;
; SLD_NODE_ENTITY_NAME                ; sld_signaltap                                                                                                                                                                                      ; --            ; --           ; auto_signaltap_0 ;
; SLD_NODE_PARAMETER_ASSIGNMENT       ; SLD_RAM_BLOCK_TYPE=AUTO                                                                                                                                                                            ; --            ; --           ; auto_signaltap_0 ;
; SLD_NODE_PARAMETER_ASSIGNMENT       ; SLD_NODE_INFO=805334528                                                                                                                                                                            ; --            ; --           ; auto_signaltap_0 ;
; SLD_NODE_PARAMETER_ASSIGNMENT       ; SLD_POWER_UP_TRIGGER=0                                                                                                                                                                             ; --            ; --           ; auto_signaltap_0 ;
; SLD_NODE_PARAMETER_ASSIGNMENT       ; SLD_STORAGE_QUALIFIER_INVERSION_MASK_LENGTH=0                                                                                                                                                      ; --            ; --           ; auto_signaltap_0 ;
; SLD_NODE_PARAMETER_ASSIGNMENT       ; SLD_ATTRIBUTE_MEM_MODE=OFF                                                                                                                                                                         ; --            ; --           ; auto_signaltap_0 ;
; SLD_NODE_PARAMETER_ASSIGNMENT       ; SLD_STATE_FLOW_USE_GENERATED=0                                                                                                                                                                     ; --            ; --           ; auto_signaltap_0 ;
; SLD_NODE_PARAMETER_ASSIGNMENT       ; SLD_STATE_BITS=11                                                                                                                                                                                  ; --            ; --           ; auto_signaltap_0 ;
; SLD_NODE_PARAMETER_ASSIGNMENT       ; SLD_BUFFER_FULL_STOP=1                                                                                                                                                                             ; --            ; --           ; auto_signaltap_0 ;
; SLD_NODE_PARAMETER_ASSIGNMENT       ; SLD_CURRENT_RESOURCE_WIDTH=1                                                                                                                                                                       ; --            ; --           ; auto_signaltap_0 ;
; SLD_NODE_PARAMETER_ASSIGNMENT       ; SLD_INCREMENTAL_ROUTING=1                                                                                                                                                                          ; --            ; --           ; auto_signaltap_0 ;
; SLD_NODE_PARAMETER_ASSIGNMENT       ; SLD_TRIGGER_LEVEL=1                                                                                                                                                                                ; --            ; --           ; auto_signaltap_0 ;
; SLD_NODE_PARAMETER_ASSIGNMENT       ; SLD_TRIGGER_IN_ENABLED=0                                                                                                                                                                           ; --            ; --           ; auto_signaltap_0 ;
; SLD_NODE_PARAMETER_ASSIGNMENT       ; SLD_TRIGGER_PIPELINE=0                                                                                                                                                                             ; --            ; --           ; auto_signaltap_0 ;
; SLD_NODE_PARAMETER_ASSIGNMENT       ; SLD_RAM_PIPELINE=0                                                                                                                                                                                 ; --            ; --           ; auto_signaltap_0 ;
; SLD_NODE_PARAMETER_ASSIGNMENT       ; SLD_COUNTER_PIPELINE=0                                                                                                                                                                             ; --            ; --           ; auto_signaltap_0 ;
; SLD_NODE_PARAMETER_ASSIGNMENT       ; SLD_ADVANCED_TRIGGER_ENTITY=basic,1,                                                                                                                                                               ; --            ; --           ; auto_signaltap_0 ;
; SLD_NODE_PARAMETER_ASSIGNMENT       ; SLD_TRIGGER_LEVEL_PIPELINE=1                                                                                                                                                                       ; --            ; --           ; auto_signaltap_0 ;
; SLD_NODE_PARAMETER_ASSIGNMENT       ; SLD_ENABLE_ADVANCED_TRIGGER=0                                                                                                                                                                      ; --            ; --           ; auto_signaltap_0 ;
; SLD_NODE_PARAMETER_ASSIGNMENT       ; SLD_SEGMENT_SIZE=16384                                                                                                                                                                             ; --            ; --           ; auto_signaltap_0 ;
; SLD_NODE_PARAMETER_ASSIGNMENT       ; SLD_SAMPLE_DEPTH=16384                                                                                                                                                                             ; --            ; --           ; auto_signaltap_0 ;
; SLD_NODE_PARAMETER_ASSIGNMENT       ; SLD_DATA_BITS=49                                                                                                                                                                                   ; --            ; --           ; auto_signaltap_0 ;
; SLD_NODE_PARAMETER_ASSIGNMENT       ; SLD_TRIGGER_BITS=49                                                                                                                                                                                ; --            ; --           ; auto_signaltap_0 ;
; SLD_NODE_PARAMETER_ASSIGNMENT       ; SLD_STORAGE_QUALIFIER_BITS=49                                                                                                                                                                      ; --            ; --           ; auto_signaltap_0 ;
; SLD_NODE_PARAMETER_ASSIGNMENT       ; SLD_INVERSION_MASK=0000000000000000000000000000000000000000000000000000000000000000000000000000000000000000000000000000000000000000000000000000000000000000000000000000000000000000000000000000000 ; --            ; --           ; auto_signaltap_0 ;
; SLD_NODE_PARAMETER_ASSIGNMENT       ; SLD_INVERSION_MASK_LENGTH=175                                                                                                                                                                      ; --            ; --           ; auto_signaltap_0 ;
; USE_SIGNALTAP_FILE                  ; output_files/stp2.stp                                                                                                                                                                              ; --            ; --           ; --               ;
+-------------------------------------+----------------------------------------------------------------------------------------------------------------------------------------------------------------------------------------------------+---------------+--------------+------------------+


+-------------------------------------------------------------------------------------------------------------------------------+
; Flow Elapsed Time                                                                                                             ;
+---------------------------+--------------+-------------------------+---------------------+------------------------------------+
; Module Name               ; Elapsed Time ; Average Processors Used ; Peak Virtual Memory ; Total CPU Time (on all processors) ;
+---------------------------+--------------+-------------------------+---------------------+------------------------------------+
; Analysis & Synthesis      ; 00:00:53     ; 1.0                     ; 4882 MB             ; 00:01:27                           ;
; Fitter                    ; 00:00:28     ; 1.1                     ; 5742 MB             ; 00:00:42                           ;
; Assembler                 ; 00:00:05     ; 1.0                     ; 4701 MB             ; 00:00:06                           ;
; TimeQuest Timing Analyzer ; 00:00:05     ; 1.2                     ; 4883 MB             ; 00:00:06                           ;
; Total                     ; 00:01:31     ; --                      ; --                  ; 00:02:21                           ;
+---------------------------+--------------+-------------------------+---------------------+------------------------------------+


+-----------------------------------------------------------------------------------------+
; Flow OS Summary                                                                         ;
+---------------------------+------------------+------------+------------+----------------+
; Module Name               ; Machine Hostname ; OS Name    ; OS Version ; Processor type ;
+---------------------------+------------------+------------+------------+----------------+
; Analysis & Synthesis      ; LAPTOP-UU99KTT1  ; Windows 10 ; 10.0       ; x86_64         ;
; Fitter                    ; LAPTOP-UU99KTT1  ; Windows 10 ; 10.0       ; x86_64         ;
; Assembler                 ; LAPTOP-UU99KTT1  ; Windows 10 ; 10.0       ; x86_64         ;
; TimeQuest Timing Analyzer ; LAPTOP-UU99KTT1  ; Windows 10 ; 10.0       ; x86_64         ;
+---------------------------+------------------+------------+------------+----------------+


------------
; Flow Log ;
------------
quartus_map --read_settings_files=on --write_settings_files=off greatest -c greatest
quartus_fit --read_settings_files=off --write_settings_files=off greatest -c greatest
quartus_asm --read_settings_files=off --write_settings_files=off greatest -c greatest
quartus_sta greatest -c greatest



